{"C:\\Users\\Davi\\Desktop\\avaliacaoQA-jest\\calculadora.js": {"path":"C:\\Users\\Davi\\Desktop\\avaliacaoQA-jest\\calculadora.js","statementMap":{"0":{"start":{"line":1,"column":20},"end":{"line":6,"column":1}},"1":{"start":{"line":2,"column":20},"end":{"line":2,"column":25}},"2":{"start":{"line":3,"column":24},"end":{"line":3,"column":29}},"3":{"start":{"line":4,"column":29},"end":{"line":4,"column":34}},"4":{"start":{"line":5,"column":23},"end":{"line":5,"column":28}},"5":{"start":{"line":8,"column":0},"end":{"line":8,"column":28}}},"fnMap":{"0":{"name":"(anonymous_0)","decl":{"start":{"line":2,"column":10},"end":{"line":2,"column":11}},"loc":{"start":{"line":2,"column":20},"end":{"line":2,"column":25}},"line":2},"1":{"name":"(anonymous_1)","decl":{"start":{"line":3,"column":14},"end":{"line":3,"column":15}},"loc":{"start":{"line":3,"column":24},"end":{"line":3,"column":29}},"line":3},"2":{"name":"(anonymous_2)","decl":{"start":{"line":4,"column":19},"end":{"line":4,"column":20}},"loc":{"start":{"line":4,"column":29},"end":{"line":4,"column":34}},"line":4},"3":{"name":"(anonymous_3)","decl":{"start":{"line":5,"column":13},"end":{"line":5,"column":14}},"loc":{"start":{"line":5,"column":23},"end":{"line":5,"column":28}},"line":5}},"branchMap":{},"s":{"0":1,"1":1,"2":1,"3":1,"4":1,"5":1},"f":{"0":1,"1":1,"2":1,"3":1},"b":{},"_coverageSchema":"1a1c01bbd47fc00a2c39e90264f33305004495a9","hash":"cfa11a873c3cb34a9da996090b0f2f40c58ae55f"}
}
